Arguments: 
  C:\Dev\nodejs\node.exe C:\Dev\workspace\azersoft\DnDBattleMap\node_modules\yarn\bin\yarn.js add @ngrx/{store,effects,entity,store-devtools}

PATH: 
  C:\Dev\workspace\azersoft\DnDBattleMap\node_modules\.bin;C:\Python38\Scripts\;C:\Python38\;C:\Program Files\AdoptOpenJDK\jre-11.0.7.10-hotspot\bin;C:\WINDOWS\system32;C:\WINDOWS;C:\WINDOWS\System32\Wbem;C:\WINDOWS\System32\WindowsPowerShell\v1.0\;C:\WINDOWS\System32\OpenSSH\;C:\Program Files (x86)\NVIDIA Corporation\PhysX\Common;C:\Program Files\NVIDIA Corporation\NVIDIA NvDLISR;C:\WINDOWS\system32;C:\WINDOWS;C:\WINDOWS\System32\Wbem;C:\WINDOWS\System32\WindowsPowerShell\v1.0\;C:\WINDOWS\System32\OpenSSH\;C:\ProgramData\chocolatey\bin;C:\Dev\gradle\6.6.1\bin;C:\Dev\nodejs\;C:\Dev\Git\cmd;C:\Users\Kako\AppData\Local\Microsoft\WindowsApps;C:\Users\Kako\AppData\Local\atom\bin;C:\Users\Kako\AppData\Local\Microsoft\WindowsApps;;C:\Dev\JetBrains\IntelliJ IDEA\2020.2.1\bin;;C:\Users\Kako\AppData\Roaming\npm

Yarn version: 
  1.22.4

Node version: 
  12.18.3

Platform: 
  win32 x64

Trace: 
  Error: https://registry.yarnpkg.com/@ngrx%2f%7Bstore,effects,entity,store-devtools%7D: Not found
      at Request.params.callback [as _callback] (C:\Dev\workspace\azersoft\DnDBattleMap\node_modules\yarn\lib\cli.js:66987:18)
      at Request.self.callback (C:\Dev\workspace\azersoft\DnDBattleMap\node_modules\yarn\lib\cli.js:140748:22)
      at Request.emit (events.js:315:20)
      at Request.<anonymous> (C:\Dev\workspace\azersoft\DnDBattleMap\node_modules\yarn\lib\cli.js:141720:10)
      at Request.emit (events.js:315:20)
      at IncomingMessage.<anonymous> (C:\Dev\workspace\azersoft\DnDBattleMap\node_modules\yarn\lib\cli.js:141642:12)
      at Object.onceWrapper (events.js:421:28)
      at IncomingMessage.emit (events.js:327:22)
      at endReadableNT (_stream_readable.js:1220:12)
      at processTicksAndRejections (internal/process/task_queues.js:84:21)

npm manifest: 
  {
    "name": "dn-dbattle-map",
    "version": "0.0.0",
    "scripts": {
      "ng": "ng",
      "start": "ng serve",
      "build": "ng build",
      "test": "ng test",
      "lint": "ng lint",
      "e2e": "ng e2e"
    },
    "private": true,
    "dependencies": {
      "@angular/animations": "~10.0.14",
      "@angular/common": "~10.0.14",
      "@angular/compiler": "~10.0.14",
      "@angular/core": "~10.0.14",
      "@angular/forms": "~10.0.14",
      "@angular/platform-browser": "~10.0.14",
      "@angular/platform-browser-dynamic": "~10.0.14",
      "@angular/router": "~10.0.14",
      "rxjs": "~6.5.5",
      "tslib": "^2.0.0",
      "yarn": "^1.22.4",
      "zone.js": "~0.10.3"
    },
    "devDependencies": {
      "@angular-devkit/build-angular": "~0.1000.8",
      "@angular/cli": "~10.0.8",
      "@angular/compiler-cli": "~10.0.14",
      "@types/node": "^12.11.1",
      "@types/jasmine": "~3.5.0",
      "@types/jasminewd2": "~2.0.3",
      "codelyzer": "^6.0.0",
      "jasmine-core": "~3.5.0",
      "jasmine-spec-reporter": "~5.0.0",
      "karma": "~5.0.0",
      "karma-chrome-launcher": "~3.1.0",
      "karma-coverage-istanbul-reporter": "~3.0.2",
      "karma-jasmine": "~3.3.0",
      "karma-jasmine-html-reporter": "^1.5.0",
      "protractor": "~7.0.0",
      "ts-node": "~8.3.0",
      "tslint": "~6.1.0",
      "typescript": "~3.9.5"
    }
  }

yarn manifest: 
  No manifest

Lockfile: 
  No lockfile
